OneHundredOne: changes log

Version 2.1.9:
• New identity has been applied

Version 2.1.8:
• Added the obvious URL for text guide

Version 2.1.7:
• Fixed some issues with the Policy loader where it would sometimes ask for multiple confirmations;
• App now able to remember the window position

Version 2.1.5:
• Implemented the access rights checker: it will test the availability of the Windows registry
  and the application placement for writing and notify user about possible problems;
• Updated the user manual;
• Updated the storage method of text tips

Version 2.1:
• Non-critical messages now have auto-hide timeout (2 seconds);
• Rewritten settings operator: it should fix problems with requiring administrator rights;
• Updated the interface of message boxes

Version 2.0.7:
• Added UTF32 encoding;
• The interface was adapted to Windows 10, incorrect window borders were fixed

Version 2.0.5:
• Cumulative updates have been applied

Version 2.0:
• Publication on GitHub;
• App has been integrated into the FDL versioning system and now has an English localization;
• Size of the pack is now visible;
• Used cards will be returned to the pack only when it runs out;
• 101 (exactly) penalty points will be turned into zero (additional bonus);
• Wins counter will be saved in the registry
